<?xml version="1.0" encoding="UTF-8"?>
<robot generator="Robot 4.0.3 (Python 3.9.4 on win32)" generated="20210629 22:06:23.708" rpa="false" schemaversion="2">
<suite id="s1" name="Web Automation" source="C:\Users\User\Desktop\Prime Experts - Turma 4\tests\web_automation.robot">
<test id="s1-t1" name="Caso de Teste 01: Pesquisar produto existente​">
<kw name="Abrir navegador" library="Resource" type="SETUP">
<kw name="Open Browser" library="SeleniumLibrary">
<arg>browser=${BROWSER}</arg>
<doc>Opens a new browser instance to the optional ``url``.</doc>
<msg timestamp="20210629 22:06:23.929" level="INFO">Opening browser 'chrome' to base url 'None'.</msg>
<status status="PASS" starttime="20210629 22:06:23.929" endtime="20210629 22:06:24.990"/>
</kw>
<kw name="Maximize Browser Window" library="SeleniumLibrary">
<doc>Maximizes current browser window.</doc>
<status status="PASS" starttime="20210629 22:06:24.990" endtime="20210629 22:06:25.116"/>
</kw>
<status status="PASS" starttime="20210629 22:06:23.928" endtime="20210629 22:06:25.116"/>
</kw>
<kw name="Acessar a página home do site Automation Practice​" library="Resource">
<kw name="Go To" library="SeleniumLibrary">
<arg>${URL}</arg>
<doc>Navigates the current browser window to the provided ``url``.</doc>
<msg timestamp="20210629 22:06:25.118" level="INFO">Opening url 'http://automationpractice.com'</msg>
<status status="PASS" starttime="20210629 22:06:25.117" endtime="20210629 22:06:29.409"/>
</kw>
<kw name="Wait Until Element Is Visible" library="SeleniumLibrary">
<arg>xpath=//*[@id='block_top_menu']/ul</arg>
<doc>Waits until the element ``locator`` is visible.</doc>
<status status="PASS" starttime="20210629 22:06:29.409" endtime="20210629 22:06:29.431"/>
</kw>
<kw name="Title Should Be" library="SeleniumLibrary">
<arg>My Store</arg>
<doc>Verifies that the current page title equals ``title``.</doc>
<msg timestamp="20210629 22:06:29.436" level="INFO">Page title is 'My Store'.</msg>
<status status="PASS" starttime="20210629 22:06:29.431" endtime="20210629 22:06:29.436"/>
</kw>
<status status="PASS" starttime="20210629 22:06:25.117" endtime="20210629 22:06:29.436"/>
</kw>
<kw name="Digitar o nome do produto &quot;Blouse&quot; no campo de pesquisa" library="Resource" sourcename="Digitar o nome do produto &quot;${PRODUTO}&quot; no campo de pesquisa">
<kw name="Input Text" library="SeleniumLibrary">
<arg>name=search_query</arg>
<arg>${PRODUTO}</arg>
<doc>Types the given ``text`` into the text field identified by ``locator``.</doc>
<msg timestamp="20210629 22:06:29.438" level="INFO">Typing text 'Blouse' into text field 'name=search_query'.</msg>
<status status="PASS" starttime="20210629 22:06:29.437" endtime="20210629 22:06:29.511"/>
</kw>
<status status="PASS" starttime="20210629 22:06:29.437" endtime="20210629 22:06:29.511"/>
</kw>
<kw name="Clicar no botão pesquisar​" library="Resource">
<kw name="Click Element" library="SeleniumLibrary">
<arg>name=submit_search</arg>
<doc>Click the element identified by ``locator``.</doc>
<msg timestamp="20210629 22:06:29.512" level="INFO">Clicking element 'name=submit_search'.</msg>
<status status="PASS" starttime="20210629 22:06:29.512" endtime="20210629 22:06:30.976"/>
</kw>
<status status="PASS" starttime="20210629 22:06:29.511" endtime="20210629 22:06:30.977"/>
</kw>
<kw name="Conferir se o produto &quot;Blouse&quot; foi listado no site​" library="Resource" sourcename="Conferir se o produto &quot;${PRODUTO}&quot; foi listado no site​">
<kw name="Title Should Be" library="SeleniumLibrary">
<arg>Search - My Store</arg>
<doc>Verifies that the current page title equals ``title``.</doc>
<msg timestamp="20210629 22:06:30.982" level="INFO">Page title is 'Search - My Store'.</msg>
<status status="PASS" starttime="20210629 22:06:30.978" endtime="20210629 22:06:30.982"/>
</kw>
<kw name="Page Should Contain Image" library="SeleniumLibrary">
<arg>xpath=//*[@id="center_column"]//*[@src="${URL}/img/p/7/7-home_default.jpg"]</arg>
<doc>Verifies image identified by ``locator`` is found from current page.</doc>
<msg timestamp="20210629 22:06:31.002" level="INFO">Current page contains image 'xpath=//*[@id="center_column"]//*[@src="http://automationpractice.com/img/p/7/7-home_default.jpg"]'.</msg>
<status status="PASS" starttime="20210629 22:06:30.982" endtime="20210629 22:06:31.003"/>
</kw>
<status status="PASS" starttime="20210629 22:06:30.977" endtime="20210629 22:06:31.003"/>
</kw>
<kw name="Fechar navegador" library="Resource" type="TEARDOWN">
<kw name="Close Browser" library="SeleniumLibrary">
<doc>Closes the current browser.</doc>
<status status="PASS" starttime="20210629 22:06:31.004" endtime="20210629 22:06:33.179"/>
</kw>
<status status="PASS" starttime="20210629 22:06:31.003" endtime="20210629 22:06:33.179"/>
</kw>
<status status="PASS" starttime="20210629 22:06:23.927" endtime="20210629 22:06:33.179"/>
</test>
<doc>Aqui estarão presentes todos os cenários de teste Web.</doc>
<status status="PASS" starttime="20210629 22:06:23.710" endtime="20210629 22:06:33.180"/>
</suite>
<statistics>
<total>
<stat pass="1" fail="0" skip="0">All Tests</stat>
</total>
<tag>
</tag>
<suite>
<stat pass="1" fail="0" skip="0" id="s1" name="Web Automation">Web Automation</stat>
</suite>
</statistics>
<errors>
</errors>
</robot>
